TN:
SF:packages\nucl\src\createNu.ts
FNF:2
FNH:2
DA:3,72
DA:5,68
DA:6,42
DA:13,18
DA:15,47
DA:16,36
DA:17,2
DA:18,27
DA:20,24
DA:21,33
DA:22,0
DA:23,0
DA:24,0
DA:25,4
DA:26,30
DA:29,17
DA:30,22
DA:31,0
DA:32,4
DA:33,22
DA:34,0
DA:35,2
DA:36,2
DA:37,17
DA:38,29
DA:39,40
DA:41,38
DA:42,21
DA:43,2
DA:44,32
DA:45,0
DA:46,2
DA:48,10
LF:33
LH:27
end_of_record
TN:
SF:packages\nucl\src\defaultRealm.ts
FNF:1
FNH:1
DA:1,29
DA:2,14
LF:2
LH:2
end_of_record
TN:
SF:packages\nucl\src\fusion\core.ts
FNF:16
FNH:16
DA:6,39
DA:17,6
DA:18,9
DA:19,4
DA:20,10
DA:21,3
DA:23,37
DA:26,33
DA:29,26
DA:31,28
DA:32,0
DA:33,0
DA:34,4
DA:36,29
DA:37,47
DA:38,37
DA:39,21
DA:40,5
DA:44,12
DA:47,22
DA:48,33
DA:50,32
DA:51,29
DA:52,27
DA:53,20
DA:54,6
DA:55,6
DA:56,19
DA:58,24
DA:59,43
DA:60,4
DA:63,32
DA:64,39
DA:65,24
DA:66,28
DA:67,35
DA:68,33
DA:69,26
DA:70,27
DA:71,6
DA:72,34
DA:74,4
DA:76,14
DA:85,6
DA:86,9
DA:87,4
DA:88,10
DA:89,3
DA:91,28
DA:92,29
DA:93,47
DA:94,18
DA:95,5
DA:99,14
DA:102,23
DA:103,33
DA:105,32
DA:106,29
DA:107,27
DA:108,20
DA:109,6
DA:110,6
DA:111,21
DA:113,24
DA:114,39
DA:115,4
DA:118,17
DA:119,50
DA:120,26
DA:121,4
LF:70
LH:68
end_of_record
TN:
SF:packages\nucl\src\fusion\effects.ts
FNF:2
FNH:2
DA:6,50
DA:7,42
DA:55,22
DA:56,63
DA:103,22
DA:104,60
LF:6
LH:6
end_of_record
TN:
SF:packages\nucl\src\fusion\fusion.ts
FNF:4
FNH:4
DA:6,100
DA:7,84
DA:24,96
DA:32,25
DA:33,141
DA:42,23
DA:43,136
DA:45,2
DA:66,58
DA:67,69
LF:10
LH:10
end_of_record
TN:
SF:packages\nucl\src\fusion\index.ts
FNF:1
FNH:1
DA:6,43
DA:7,40
DA:13,47
DA:14,42
DA:28,34
DA:31,39
DA:37,51
DA:42,24
DA:48,41
LF:9
LH:9
end_of_record
TN:
SF:packages\nucl\src\fusion\nu-fusion.ts
FNF:15
FNH:12
DA:6,78
DA:7,84
DA:12,80
DA:19,13
DA:20,54
DA:21,73
DA:22,10
DA:24,25
DA:25,86
DA:28,24
DA:30,86
DA:33,23
DA:34,82
DA:37,51
DA:38,66
DA:39,54
DA:42,70
DA:45,57
DA:47,66
DA:48,24
DA:49,13
DA:50,13
DA:52,63
DA:53,100
DA:54,78
DA:55,42
DA:56,20
DA:60,48
DA:61,70
DA:63,69
DA:64,63
DA:65,59
DA:66,44
DA:67,21
DA:68,17
DA:69,47
DA:71,52
DA:72,67
DA:73,12
DA:76,28
DA:79,69
DA:80,94
DA:81,0
DA:82,0
DA:83,0
DA:84,0
DA:85,0
DA:86,0
DA:87,0
DA:88,56
DA:90,12
DA:93,0
DA:94,43
DA:97,2
DA:118,40
DA:119,98
DA:122,67
DA:123,100
DA:126,25
LF:59
LH:51
end_of_record
TN:
SF:packages\nucl\src\fusion\plugin.ts
FNF:1
FNH:0
DA:7,42
DA:27,30
DA:28,17
DA:29,27
DA:31,13
DA:45,0
DA:46,0
DA:47,0
DA:48,0
DA:49,0
DA:50,0
DA:51,0
DA:52,0
DA:53,0
DA:54,0
DA:55,0
DA:56,0
DA:57,0
DA:58,0
DA:59,0
DA:60,0
DA:61,0
DA:62,0
DA:63,0
DA:64,0
DA:65,0
DA:66,0
DA:67,0
DA:68,0
DA:69,0
DA:70,0
DA:71,0
DA:72,0
DA:73,0
DA:74,0
DA:75,0
DA:76,0
DA:77,0
DA:78,0
DA:79,0
DA:80,0
DA:81,0
DA:82,0
DA:83,0
DA:84,0
DA:85,0
DA:86,0
DA:87,0
DA:88,0
DA:89,0
DA:90,0
DA:91,0
DA:92,0
DA:93,0
DA:94,0
DA:95,0
DA:96,0
DA:97,0
DA:98,0
DA:99,0
DA:100,0
DA:101,0
DA:102,0
DA:103,0
DA:104,0
DA:105,0
DA:106,0
DA:107,0
DA:108,0
DA:109,0
DA:110,0
DA:111,0
DA:112,0
DA:113,0
DA:114,0
DA:115,0
DA:116,2
DA:118,2
DA:119,1
LF:79
LH:8
end_of_record
TN:
SF:packages\nucl\src\fusion\strategies.ts
FNF:3
FNH:3
DA:16,28
DA:21,24
DA:22,39
DA:29,23
DA:30,12
DA:32,1
LF:6
LH:6
end_of_record
TN:
SF:packages\nucl\src\index.ts
FNF:1
FNH:1
DA:1,38
DA:13,27
DA:16,36
DA:17,39
LF:4
LH:4
end_of_record
TN:
SF:packages\nucl\src\nucleus\index.ts
FNF:22
FNH:22
DA:11,43
DA:12,38
DA:19,11
DA:20,23
DA:21,60
DA:22,55
DA:23,73
DA:24,67
DA:25,0
DA:26,1
DA:32,31
DA:33,18
DA:34,28
DA:36,13
DA:42,12
DA:43,34
DA:44,50
DA:45,5
DA:51,13
DA:52,24
DA:53,55
DA:54,39
DA:55,40
DA:56,25
DA:57,24
DA:58,9
DA:59,15
DA:65,18
DA:66,24
DA:67,40
DA:68,39
DA:69,40
DA:70,25
DA:71,24
DA:72,9
DA:73,15
DA:81,18
DA:82,31
DA:83,0
DA:84,6
DA:85,49
DA:86,21
DA:87,15
DA:93,10
DA:94,31
DA:95,0
DA:96,6
DA:97,34
DA:98,29
DA:99,16
DA:100,15
DA:107,12
DA:108,31
DA:109,0
DA:110,6
DA:111,30
DA:117,15
DA:118,31
DA:119,0
DA:120,6
DA:121,31
DA:129,18
DA:130,58
DA:131,0
DA:132,6
DA:133,53
DA:134,21
DA:135,15
DA:141,13
DA:142,58
DA:143,0
DA:144,6
DA:145,26
DA:151,17
DA:152,58
DA:153,0
DA:154,6
DA:156,24
DA:157,28
DA:158,60
DA:159,8
DA:160,15
DA:163,4
DA:165,17
DA:169,15
DA:170,12
DA:171,33
DA:173,20
DA:174,6
DA:180,12
DA:181,12
DA:182,58
DA:184,20
DA:185,6
DA:190,12
DA:191,12
DA:192,62
DA:193,23
DA:194,7
DA:196,20
DA:197,6
DA:202,14
DA:203,12
DA:204,62
DA:205,25
DA:206,7
DA:208,20
DA:209,3
DA:210,2
DA:211,2
DA:216,49
DA:217,44
DA:247,25
DA:248,60
LF:114
LH:106
end_of_record
TN:
SF:packages\nucl\src\plugins.ts
FNF:7
FNH:6
DA:7,43
DA:12,34
DA:13,15
DA:14,20
DA:15,19
DA:16,26
DA:17,25
DA:18,40
DA:19,4
DA:20,9
DA:23,16
DA:24,32
DA:25,77
DA:26,74
DA:27,59
DA:28,56
DA:29,60
DA:30,26
DA:31,43
DA:32,4
DA:34,29
DA:35,56
DA:36,66
DA:37,6
DA:38,2
DA:39,4
DA:40,9
DA:44,38
DA:50,28
DA:51,44
DA:52,19
DA:53,29
DA:54,2
DA:55,65
DA:58,16
DA:59,44
DA:60,19
DA:61,29
DA:62,2
DA:63,16
DA:66,0
DA:67,0
DA:68,0
DA:69,0
DA:70,0
LF:45
LH:40
end_of_record
TN:
SF:packages\nucl\src\prototype.ts
FNF:3
FNH:1
DA:1,53
DA:4,43
DA:5,0
DA:6,0
DA:7,0
DA:8,0
DA:9,1
DA:11,15
DA:15,46
DA:16,8
DA:17,48
DA:19,0
DA:20,0
DA:21,0
DA:22,0
DA:23,0
DA:24,0
DA:25,0
DA:26,0
DA:27,0
DA:28,0
DA:29,0
DA:30,3
DA:32,19
DA:33,19
DA:34,2
LF:26
LH:11
end_of_record
TN:
SF:packages\nucl\test\api.test.ts
FNF:18
FNH:18
DA:5,60
DA:6,34
DA:7,41
DA:8,73
DA:10,42
DA:11,30
DA:12,27
DA:14,9
DA:15,27
DA:16,3
DA:18,39
DA:19,33
DA:21,39
DA:22,27
DA:24,14
DA:25,42
DA:26,27
DA:28,25
DA:29,23
DA:30,26
DA:31,3
DA:33,40
DA:34,40
DA:36,46
DA:37,37
DA:39,21
DA:40,55
DA:41,44
DA:43,38
DA:44,3
DA:46,43
DA:47,23
DA:49,31
DA:51,8
DA:52,31
DA:53,3
DA:55,63
DA:56,29
DA:57,29
DA:59,48
DA:60,28
DA:62,8
DA:63,28
DA:64,3
DA:66,61
DA:67,32
DA:68,29
DA:70,56
DA:71,31
DA:73,7
DA:74,30
DA:75,3
DA:77,56
DA:78,29
DA:79,29
DA:81,29
DA:82,42
DA:84,32
DA:86,7
DA:87,32
DA:88,3
DA:90,73
DA:91,29
DA:92,29
DA:94,29
DA:95,41
DA:97,31
DA:98,3
DA:100,54
DA:101,32
DA:102,29
DA:104,26
DA:105,44
DA:107,29
DA:109,8
DA:110,29
DA:111,3
DA:113,58
DA:114,29
DA:115,29
DA:117,22
DA:118,24
DA:120,48
DA:121,18
DA:122,22
DA:123,4
DA:126,30
DA:127,37
DA:130,8
DA:131,30
DA:132,38
DA:135,9
DA:136,3
DA:138,67
DA:139,32
DA:140,29
DA:142,22
DA:144,46
DA:145,16
DA:146,4
DA:149,30
DA:152,7
DA:153,30
DA:155,9
DA:156,2
LF:105
LH:105
end_of_record
TN:
SF:packages\nucl\test\core.test.ts
FNF:6
FNH:6
DA:1,60
DA:2,34
DA:3,47
DA:5,46
DA:6,19
DA:7,26
DA:8,3
DA:10,35
DA:11,24
DA:12,32
DA:14,41
DA:15,32
DA:16,3
DA:18,42
DA:19,18
DA:21,20
DA:22,16
DA:23,14
DA:24,4
DA:26,28
DA:28,7
DA:29,27
DA:30,3
DA:32,61
DA:33,24
DA:34,17
DA:35,15
DA:36,12
DA:37,17
DA:39,3
DA:40,4
DA:42,33
DA:44,18
DA:45,37
DA:46,2
LF:35
LH:35
end_of_record
TN:
SF:packages\nucl\test\fusion-method.test.ts
FNF:12
FNH:12
DA:1,60
DA:2,34
DA:3,41
DA:6,64
DA:7,29
DA:8,30
DA:9,28
DA:11,45
DA:13,32
DA:15,8
DA:16,32
DA:18,7
DA:19,31
DA:20,3
DA:22,62
DA:23,29
DA:24,30
DA:25,28
DA:27,43
DA:29,32
DA:31,8
DA:32,32
DA:34,7
DA:35,31
DA:36,3
DA:38,50
DA:39,39
DA:40,34
DA:41,28
DA:43,50
DA:46,39
DA:49,12
DA:50,39
DA:53,16
DA:54,33
DA:57,12
DA:58,32
DA:59,3
DA:61,68
DA:62,29
DA:63,32
DA:64,28
DA:66,57
DA:68,31
DA:70,7
DA:71,31
DA:73,7
DA:74,30
DA:75,3
DA:77,43
DA:78,29
DA:79,29
DA:80,29
DA:81,28
DA:83,57
DA:85,31
DA:87,8
DA:88,31
DA:89,3
DA:91,49
DA:92,29
DA:93,30
DA:94,28
DA:96,44
DA:98,32
DA:101,7
DA:102,32
DA:105,8
DA:106,31
DA:107,2
LF:70
LH:70
end_of_record
TN:
SF:packages\nucl\test\fusion.test.ts
FNF:23
FNH:23
DA:1,60
DA:2,34
DA:3,63
DA:7,48
DA:8,18
DA:9,19
DA:11,52
DA:13,29
DA:15,8
DA:16,29
DA:18,7
DA:19,28
DA:20,3
DA:22,55
DA:23,28
DA:24,23
DA:26,60
DA:29,39
DA:32,12
DA:33,39
DA:36,16
DA:37,33
DA:40,12
DA:41,32
DA:42,3
DA:44,47
DA:45,18
DA:46,18
DA:47,18
DA:49,64
DA:51,28
DA:53,8
DA:54,28
DA:55,3
DA:57,39
DA:58,31
DA:59,29
DA:61,74
DA:62,69
DA:64,50
DA:66,21
DA:67,50
DA:68,3
DA:72,54
DA:73,18
DA:74,21
DA:76,23
DA:77,48
DA:78,19
DA:79,28
DA:80,4
DA:82,31
DA:84,7
DA:85,31
DA:87,10
DA:88,30
DA:89,3
DA:91,44
DA:92,21
DA:93,18
DA:95,55
DA:97,39
DA:99,8
DA:100,31
DA:101,3
DA:105,58
DA:106,24
DA:107,22
DA:108,23
DA:110,45
DA:111,18
DA:112,16
DA:113,4
DA:115,30
DA:117,12
DA:118,30
DA:119,30
DA:121,13
DA:122,30
DA:124,12
DA:125,30
DA:126,30
DA:128,10
DA:130,12
DA:131,29
DA:132,3
DA:134,46
DA:135,24
DA:136,28
DA:137,22
DA:139,58
DA:140,16
DA:141,4
DA:143,30
DA:145,18
DA:146,30
DA:148,30
DA:149,30
DA:151,18
DA:152,30
DA:154,9
DA:155,3
DA:159,51
DA:160,22
DA:161,22
DA:162,16
DA:164,44
DA:165,18
DA:166,16
DA:167,4
DA:169,30
DA:170,28
DA:172,11
DA:173,30
DA:175,11
DA:176,30
DA:178,14
DA:179,30
DA:181,10
DA:183,12
DA:184,29
DA:185,3
DA:187,52
DA:188,23
DA:189,26
DA:190,22
DA:192,57
DA:193,42
DA:194,4
DA:196,30
DA:198,25
DA:199,30
DA:201,21
DA:202,29
DA:204,15
DA:205,30
DA:207,9
DA:208,3
DA:212,51
DA:213,18
DA:214,18
DA:216,52
DA:217,28
DA:220,12
DA:223,35
DA:224,2
LF:146
LH:146
end_of_record
TN:
SF:packages\nucl\test\nucleus.test.ts
FNF:18
FNH:18
DA:1,60
DA:2,41
DA:6,32
DA:7,24
DA:8,31
DA:10,13
DA:11,31
DA:12,3
DA:14,31
DA:15,24
DA:16,31
DA:18,12
DA:19,31
DA:20,3
DA:22,32
DA:23,24
DA:24,31
DA:26,14
DA:27,31
DA:28,3
DA:30,48
DA:31,23
DA:32,16
DA:34,24
DA:36,7
DA:37,7
DA:38,8
DA:39,7
DA:41,23
DA:42,3
DA:44,24
DA:45,24
DA:46,17
DA:47,17
DA:49,18
DA:51,29
DA:53,18
DA:54,27
DA:55,3
DA:57,24
DA:58,29
DA:59,17
DA:61,30
DA:63,37
DA:65,25
DA:66,31
DA:67,3
DA:71,20
DA:72,31
DA:74,12
DA:75,40
DA:77,15
DA:78,45
DA:79,3
DA:81,19
DA:82,31
DA:84,23
DA:85,23
DA:86,33
DA:87,3
DA:89,20
DA:90,34
DA:92,35
DA:93,23
DA:94,3
DA:96,18
DA:97,37
DA:99,28
DA:100,29
DA:101,34
DA:102,3
DA:104,27
DA:105,31
DA:107,25
DA:109,12
DA:110,24
DA:111,3
DA:115,19
DA:116,36
DA:118,17
DA:119,43
DA:121,16
DA:122,48
DA:123,3
DA:125,19
DA:126,47
DA:128,37
DA:129,31
DA:130,3
DA:132,43
DA:133,42
DA:134,34
DA:136,40
DA:137,3
DA:139,27
DA:140,36
DA:142,36
DA:143,3
DA:145,29
DA:146,36
DA:148,34
DA:149,2
LF:102
LH:102
end_of_record
TN:
SF:packages\nucl\test\optimization.test.ts
FNF:0
FNH:0
LF:0
LH:0
end_of_record
TN:
SF:packages\quark\src\create.ts
FNF:3
FNH:2
DA:5,98
DA:6,43
DA:7,41
DA:11,19
DA:14,23
DA:15,29
DA:18,18
DA:19,0
DA:20,0
DA:21,0
DA:22,2
DA:25,43
DA:26,0
DA:27,2
DA:30,30
DA:31,22
DA:32,2
DA:35,19
DA:36,0
DA:37,2
DA:40,44
DA:41,0
DA:42,0
DA:43,0
DA:44,0
DA:45,0
DA:46,0
DA:47,2
DA:49,29
DA:50,38
DA:51,59
DA:52,31
DA:53,4
DA:54,12
DA:55,2
DA:58,22
DA:59,0
DA:60,0
DA:61,0
DA:62,0
DA:63,0
DA:64,2
DA:67,22
DA:68,0
DA:69,0
DA:70,0
DA:71,0
DA:72,0
DA:73,2
DA:75,13
DA:92,18
DA:93,12
DA:94,26
DA:95,27
DA:96,0
DA:97,0
DA:98,0
DA:100,2
DA:106,27
DA:107,19
DA:110,17
DA:111,32
DA:112,0
DA:113,4
DA:116,15
DA:117,0
DA:118,4
DA:121,18
DA:122,0
DA:123,0
DA:124,0
DA:125,0
DA:126,0
DA:127,4
DA:130,17
DA:131,0
DA:132,4
DA:135,24
DA:136,0
DA:137,0
DA:138,0
DA:139,0
DA:140,0
DA:141,4
DA:142,18
DA:143,0
DA:144,4
DA:145,22
DA:146,0
DA:147,2
DA:148,2
DA:152,35
DA:153,12
LF:93
LH:54
end_of_record
TN:
SF:packages\quark\src\flags.ts
FNF:1
FNH:1
DA:5,29
DA:6,30
DA:7,27
DA:8,25
DA:9,24
DA:10,28
DA:11,25
DA:12,29
DA:13,30
DA:14,31
LF:10
LH:10
end_of_record
TN:
SF:packages\quark\src\index.ts
FNF:1
FNH:0
DA:5,36
DA:7,41
DA:9,27
DA:12,30
DA:13,0
DA:14,2
DA:16,25
DA:17,3
DA:19,18
DA:22,46
DA:23,41
DA:24,121
DA:25,42
LF:13
LH:12
end_of_record
TN:
SF:packages\quark\src\prototype.ts
FNF:13
FNH:4
DA:5,64
DA:6,43
DA:12,27
DA:13,16
DA:15,27
DA:16,26
DA:17,31
DA:18,4
DA:20,34
DA:24,36
DA:25,31
DA:26,4
DA:27,13
DA:30,16
DA:31,26
DA:32,53
DA:33,26
DA:34,40
DA:35,43
DA:36,36
DA:37,6
DA:38,4
DA:39,4
DA:40,13
DA:43,0
DA:44,0
DA:45,0
DA:46,0
DA:47,0
DA:48,2
DA:52,0
DA:53,0
DA:54,0
DA:55,0
DA:56,0
DA:57,0
DA:58,0
DA:59,0
DA:60,0
DA:61,0
DA:62,0
DA:63,0
DA:64,0
DA:65,0
DA:66,0
DA:67,0
DA:68,0
DA:69,2
DA:73,0
DA:74,0
DA:75,2
DA:78,0
DA:79,0
DA:80,0
DA:81,0
DA:82,0
DA:83,0
DA:84,2
DA:87,0
DA:88,0
DA:89,0
DA:90,0
DA:91,0
DA:92,0
DA:93,2
DA:96,8
DA:98,26
DA:101,26
DA:104,37
DA:106,22
DA:107,20
DA:109,0
DA:110,0
DA:111,0
DA:112,0
DA:113,0
DA:114,0
DA:115,0
DA:116,0
DA:117,0
DA:118,0
DA:119,0
DA:120,0
DA:121,0
DA:122,0
DA:123,0
DA:124,0
DA:125,0
DA:126,0
DA:127,2
DA:130,0
DA:131,0
DA:132,0
DA:133,0
DA:134,0
DA:135,0
DA:136,0
DA:137,0
DA:138,0
DA:139,0
DA:140,0
DA:141,0
DA:142,0
DA:143,0
DA:144,0
DA:145,0
DA:146,0
DA:147,0
DA:148,2
DA:151,0
DA:152,0
DA:153,0
DA:154,0
DA:155,0
DA:156,2
DA:159,0
DA:160,0
DA:161,0
DA:162,0
DA:163,0
DA:164,0
DA:165,0
DA:166,0
DA:167,0
DA:168,0
DA:169,0
DA:170,1
DA:172,2
DA:175,38
DA:176,18
DA:177,10
DA:178,41
DA:180,18
DA:181,2
DA:182,2
LF:135
LH:47
end_of_record
TN:
SF:packages\quark\src\quantum-bus.ts
FNF:16
FNH:0
DA:8,32
DA:9,33
DA:10,40
DA:11,62
DA:12,40
DA:13,40
DA:14,35
DA:16,0
DA:17,42
DA:20,0
DA:21,0
DA:22,0
DA:23,0
DA:24,0
DA:25,0
DA:26,0
DA:27,0
DA:28,0
DA:29,0
DA:30,0
DA:31,0
DA:32,0
DA:33,0
DA:34,0
DA:35,0
DA:36,0
DA:37,0
DA:38,0
DA:39,0
DA:40,0
DA:41,0
DA:42,0
DA:43,18
DA:46,0
DA:47,0
DA:48,0
DA:49,0
DA:50,0
DA:51,0
DA:52,0
DA:53,0
DA:54,0
DA:55,0
DA:56,0
DA:57,0
DA:58,0
DA:59,0
DA:60,0
DA:61,0
DA:62,0
DA:63,0
DA:64,0
DA:65,0
DA:66,0
DA:67,0
DA:68,0
DA:69,0
DA:70,0
DA:71,0
DA:72,0
DA:73,0
DA:74,0
DA:75,0
DA:76,0
DA:77,0
DA:78,0
DA:79,0
DA:80,0
DA:81,0
DA:82,0
DA:83,0
DA:84,0
DA:85,0
DA:86,0
DA:87,0
DA:88,0
DA:89,0
DA:90,0
DA:91,0
DA:92,0
DA:93,0
DA:94,18
DA:98,0
DA:99,0
DA:100,38
DA:103,0
DA:104,0
DA:105,0
DA:106,0
DA:107,0
DA:108,0
DA:109,0
DA:110,0
DA:111,0
DA:112,0
DA:113,0
DA:114,0
DA:115,0
DA:116,0
DA:117,0
DA:118,0
DA:119,0
DA:120,0
DA:121,0
DA:122,0
DA:123,0
DA:124,0
DA:125,0
DA:126,0
DA:127,18
DA:130,0
DA:131,0
DA:132,0
DA:133,28
DA:135,2
DA:138,52
DA:139,38
DA:140,60
DA:142,71
DA:144,0
DA:145,0
DA:146,0
DA:147,0
DA:148,0
DA:149,0
DA:150,0
DA:151,17
DA:155,0
DA:156,0
DA:157,54
DA:161,0
DA:162,0
DA:163,47
DA:167,0
DA:168,0
DA:169,0
DA:170,0
DA:171,0
DA:172,0
DA:173,0
DA:174,0
DA:175,7
DA:179,0
DA:180,43
DA:183,0
DA:184,0
DA:185,0
DA:186,0
DA:187,0
DA:188,42
DA:193,0
DA:194,0
DA:195,0
DA:196,0
DA:197,0
DA:198,0
DA:199,0
DA:200,0
DA:201,0
DA:202,7
DA:204,0
DA:205,0
DA:206,0
DA:207,0
DA:208,7
DA:211,0
DA:212,0
DA:213,60
DA:215,2
DA:217,95
LF:170
LH:29
end_of_record
